
MacOS or linux terminal command to create your ssh tunnel:
ssh -N -L 8657:c14n03:8657 swk2@grace.hpc.yale.edu
   
For more info and how to connect from windows, 
   see research.computing.yale.edu/jupyter-nb
Here is the MobaXterm info:

Forwarded port:same as remote port
Remote server: c14n03
Remote port: 8657
SSH server: grace.hpc.yale.edu
SSH login: swk2
SSH port: 22

Use a Browser on your local machine to go to:
localhost:8657  (prefix w/ https:// if using password)

The following modules were not unloaded:
  (Use "module --force purge" to unload all):

  1) StdEnv
Restoring modules from user's cuda, for system: "grace-rhel7"
[I 23:21:33.162 NotebookApp] Serving notebooks from local directory: /gpfs/loomis/project/fas/leonard/swk2/Mask_RCNN/samples/balloon
[I 23:21:33.162 NotebookApp] 0 active kernels
[I 23:21:33.162 NotebookApp] The Jupyter Notebook is running at:
[I 23:21:33.162 NotebookApp] http://c14n03:8657/?token=a4d6622aaab8ee2e6122467e3bad53baf2f37230b4cb5aa9
[I 23:21:33.162 NotebookApp] Use Control-C to stop this server and shut down all kernels (twice to skip confirmation).
[C 23:21:33.164 NotebookApp] 
    
    Copy/paste this URL into your browser when you connect for the first time,
    to login with a token:
        http://c14n03:8657/?token=a4d6622aaab8ee2e6122467e3bad53baf2f37230b4cb5aa9
