
MacOS or linux terminal command to create your ssh tunnel:
ssh -N -L 9265:c23n01:9265 swk2@grace.hpc.yale.edu
   
For more info and how to connect from windows, 
   see research.computing.yale.edu/jupyter-nb
Here is the MobaXterm info:

Forwarded port:same as remote port
Remote server: c23n01
Remote port: 9265
SSH server: grace.hpc.yale.edu
SSH login: swk2
SSH port: 22

Use a Browser on your local machine to go to:
localhost:9265  (prefix w/ https:// if using password)

[I 13:41:05.727 NotebookApp] Writing notebook server cookie secret to /gpfs/loomis/home.grace/fas/leonard/swk2/.local/share/jupyter/runtime/notebook_cookie_secret
[I 13:41:06.583 NotebookApp] Serving notebooks from local directory: /gpfs/loomis/project/fas/leonard/swk2/Mask_RCNN/samples/balloon
[I 13:41:06.584 NotebookApp] 0 active kernels
[I 13:41:06.584 NotebookApp] The Jupyter Notebook is running at:
[I 13:41:06.584 NotebookApp] http://c23n01:9265/?token=436f399e000ef775f2e87dbc9191f7e17639fe042d3753ad
[I 13:41:06.584 NotebookApp] Use Control-C to stop this server and shut down all kernels (twice to skip confirmation).
[C 13:41:06.592 NotebookApp] 
    
    Copy/paste this URL into your browser when you connect for the first time,
    to login with a token:
        http://c23n01:9265/?token=436f399e000ef775f2e87dbc9191f7e17639fe042d3753ad
