The following modules were not unloaded:
  (Use "module --force purge" to unload all):

  1) StdEnv
Restoring modules from user's cuda, for system: "grace-rhel7"
2018-05-22 21:06:42.164870: I tensorflow/core/platform/cpu_feature_guard.cc:140] Your CPU supports instructions that this TensorFlow binary was not compiled to use: AVX2 FMA
/home/fas/leonard/swk2/miniconda3/envs/maskRCNN/lib/python3.6/site-packages/h5py/__init__.py:36: FutureWarning: Conversion of the second argument of issubdtype from `float` to `np.floating` is deprecated. In future, it will be treated as `np.float64 == np.dtype(float).type`.
  from ._conv import register_converters as _register_converters
Using TensorFlow backend.
WARNING:tensorflow:From /home/fas/leonard/swk2/miniconda3/envs/maskRCNN/lib/python3.6/site-packages/tensorflow/contrib/learn/python/learn/datasets/base.py:198: retry (from tensorflow.contrib.learn.python.learn.datasets.base) is deprecated and will be removed in a future version.
Instructions for updating:
Use the retry module or similar alternatives.
Weights:  coco
Dataset:  ../../datasets/illustrations
Logs:  /gpfs/loomis/project/fas/leonard/swk2/Mask_RCNN/logs

Configurations:
BACKBONE                       resnet101
BACKBONE_STRIDES               [4, 8, 16, 32, 64]
BATCH_SIZE                     2
BBOX_STD_DEV                   [0.1 0.1 0.2 0.2]
DETECTION_MAX_INSTANCES        100
DETECTION_MIN_CONFIDENCE       0.9
DETECTION_NMS_THRESHOLD        0.3
GPU_COUNT                      1
GRADIENT_CLIP_NORM             5.0
IMAGES_PER_GPU                 2
IMAGE_MAX_DIM                  1024
IMAGE_META_SIZE                14
IMAGE_MIN_DIM                  800
IMAGE_MIN_SCALE                0
IMAGE_RESIZE_MODE              square
IMAGE_SHAPE                    [1024 1024    3]
LEARNING_MOMENTUM              0.9
LEARNING_RATE                  0.001
LOSS_WEIGHTS                   {'rpn_class_loss': 1.0, 'rpn_bbox_loss': 1.0, 'mrcnn_class_loss': 1.0, 'mrcnn_bbox_loss': 1.0, 'mrcnn_mask_loss': 1.0}
MASK_POOL_SIZE                 14
MASK_SHAPE                     [28, 28]
MAX_GT_INSTANCES               100
MEAN_PIXEL                     [123.7 116.8 103.9]
MINI_MASK_SHAPE                (56, 56)
NAME                           balloon
NUM_CLASSES                    2
POOL_SIZE                      7
POST_NMS_ROIS_INFERENCE        1000
POST_NMS_ROIS_TRAINING         2000
ROI_POSITIVE_RATIO             0.33
RPN_ANCHOR_RATIOS              [0.5, 1, 2]
RPN_ANCHOR_SCALES              (32, 64, 128, 256, 512)
RPN_ANCHOR_STRIDE              1
RPN_BBOX_STD_DEV               [0.1 0.1 0.2 0.2]
RPN_NMS_THRESHOLD              0.7
RPN_TRAIN_ANCHORS_PER_IMAGE    256
STEPS_PER_EPOCH                100
TRAIN_BN                       False
TRAIN_ROIS_PER_IMAGE           200
USE_MINI_MASK                  True
USE_RPN_ROIS                   True
VALIDATION_STEPS               50
WEIGHT_DECAY                   0.0001


Loading weights  /gpfs/loomis/project/fas/leonard/swk2/Mask_RCNN/mask_rcnn_coco.h5
Training network heads

Starting at epoch 0. LR=0.001

Checkpoint Path: /gpfs/loomis/project/fas/leonard/swk2/Mask_RCNN/logs/balloon20180522T2106/mask_rcnn_balloon_{epoch:04d}.h5
Selecting layers to train
fpn_c5p5               (Conv2D)
fpn_c4p4               (Conv2D)
fpn_c3p3               (Conv2D)
fpn_c2p2               (Conv2D)
fpn_p5                 (Conv2D)
fpn_p2                 (Conv2D)
fpn_p3                 (Conv2D)
fpn_p4                 (Conv2D)
In model:  rpn_model
    rpn_conv_shared        (Conv2D)
    rpn_class_raw          (Conv2D)
    rpn_bbox_pred          (Conv2D)
mrcnn_mask_conv1       (TimeDistributed)
mrcnn_mask_bn1         (TimeDistributed)
mrcnn_mask_conv2       (TimeDistributed)
mrcnn_mask_bn2         (TimeDistributed)
mrcnn_class_conv1      (TimeDistributed)
mrcnn_class_bn1        (TimeDistributed)
mrcnn_mask_conv3       (TimeDistributed)
mrcnn_mask_bn3         (TimeDistributed)
mrcnn_class_conv2      (TimeDistributed)
mrcnn_class_bn2        (TimeDistributed)
mrcnn_mask_conv4       (TimeDistributed)
mrcnn_mask_bn4         (TimeDistributed)
mrcnn_bbox_fc          (TimeDistributed)
mrcnn_mask_deconv      (TimeDistributed)
mrcnn_class_logits     (TimeDistributed)
mrcnn_mask             (TimeDistributed)
/home/fas/leonard/swk2/miniconda3/envs/maskRCNN/lib/python3.6/site-packages/tensorflow/python/ops/gradients_impl.py:100: UserWarning: Converting sparse IndexedSlices to a dense Tensor of unknown shape. This may consume a large amount of memory.
  "Converting sparse IndexedSlices to a dense Tensor of unknown shape. "
/home/fas/leonard/swk2/miniconda3/envs/maskRCNN/lib/python3.6/site-packages/keras/engine/training.py:2087: UserWarning: Using a generator with `use_multiprocessing=True` and multiple workers may duplicate your data. Please consider using the`keras.utils.Sequence class.
  UserWarning('Using a generator with `use_multiprocessing=True`'
ERROR:root:Error processing image {'id': 'b21932323_0188.jpg', 'source': 'balloon', 'path': '../../datasets/illustrations/train/b21932323_0188.jpg', 'width': 1811, 'height': 2946, 'polygons': [{'name': 'rect', 'x': 271, 'y': 612, 'width': 1315, 'height': 1362}]}
Traceback (most recent call last):
  File "/home/fas/leonard/swk2/miniconda3/envs/maskRCNN/lib/python3.6/site-packages/mask_rcnn-2.1-py3.6.egg/mrcnn/model.py", line 1695, in data_generator
    use_mini_mask=config.USE_MINI_MASK)
  File "/home/fas/leonard/swk2/miniconda3/envs/maskRCNN/lib/python3.6/site-packages/mask_rcnn-2.1-py3.6.egg/mrcnn/model.py", line 1210, in load_image_gt
    mask, class_ids = dataset.load_mask(image_id)
  File "balloon.py", line 165, in load_mask
    rr, cc = skimage.draw.polygon(p['all_points_y'], p['all_points_x'])
KeyError: 'all_points_y'
ERROR:root:Error processing image {'id': 'americantextbook00essi_0177.jpg', 'source': 'balloon', 'path': '../../datasets/illustrations/train/americantextbook00essi_0177.jpg', 'width': 2121, 'height': 3452, 'polygons': [{'name': 'rect', 'x': 1305, 'y': 1554, 'width': 587, 'height': 178}, {'name': 'rect', 'x': 1079, 'y': 2097, 'width': 768, 'height': 225}, {'name': 'rect', 'x': 212, 'y': 2637, 'width': 710, 'height': 239}, {'name': 'rect', 'x': 1055, 'y': 2633, 'width': 724, 'height': 219}]}
Traceback (most recent call last):
  File "/home/fas/leonard/swk2/miniconda3/envs/maskRCNN/lib/python3.6/site-packages/mask_rcnn-2.1-py3.6.egg/mrcnn/model.py", line 1695, in data_generator
    use_mini_mask=config.USE_MINI_MASK)
  File "/home/fas/leonard/swk2/miniconda3/envs/maskRCNN/lib/python3.6/site-packages/mask_rcnn-2.1-py3.6.egg/mrcnn/model.py", line 1210, in load_image_gt
    mask, class_ids = dataset.load_mask(image_id)
  File "balloon.py", line 165, in load_mask
    rr, cc = skimage.draw.polygon(p['all_points_y'], p['all_points_x'])
KeyError: 'all_points_y'
ERROR:root:Error processing image {'id': 'differentialdiag002cabo_0463.jpg', 'source': 'balloon', 'path': '../../datasets/illustrations/train/differentialdiag002cabo_0463.jpg', 'width': 2041, 'height': 3441, 'polygons': [{'name': 'rect', 'x': 368, 'y': 593, 'width': 1203, 'height': 2286}]}
Traceback (most recent call last):
  File "/home/fas/leonard/swk2/miniconda3/envs/maskRCNN/lib/python3.6/site-packages/mask_rcnn-2.1-py3.6.egg/mrcnn/model.py", line 1695, in data_generator
    use_mini_mask=config.USE_MINI_MASK)
  File "/home/fas/leonard/swk2/miniconda3/envs/maskRCNN/lib/python3.6/site-packages/mask_rcnn-2.1-py3.6.egg/mrcnn/model.py", line 1210, in load_image_gt
    mask, class_ids = dataset.load_mask(image_id)
  File "balloon.py", line 165, in load_mask
    rr, cc = skimage.draw.polygon(p['all_points_y'], p['all_points_x'])
KeyError: 'all_points_y'
ERROR:root:Error processing image {'id': 'americantextbook00essi_0177.jpg', 'source': 'balloon', 'path': '../../datasets/illustrations/train/americantextbook00essi_0177.jpg', 'width': 2121, 'height': 3452, 'polygons': [{'name': 'rect', 'x': 1305, 'y': 1554, 'width': 587, 'height': 178}, {'name': 'rect', 'x': 1079, 'y': 2097, 'width': 768, 'height': 225}, {'name': 'rect', 'x': 212, 'y': 2637, 'width': 710, 'height': 239}, {'name': 'rect', 'x': 1055, 'y': 2633, 'width': 724, 'height': 219}]}
Traceback (most recent call last):
  File "/home/fas/leonard/swk2/miniconda3/envs/maskRCNN/lib/python3.6/site-packages/mask_rcnn-2.1-py3.6.egg/mrcnn/model.py", line 1695, in data_generator
    use_mini_mask=config.USE_MINI_MASK)
  File "/home/fas/leonard/swk2/miniconda3/envs/maskRCNN/lib/python3.6/site-packages/mask_rcnn-2.1-py3.6.egg/mrcnn/model.py", line 1210, in load_image_gt
    mask, class_ids = dataset.load_mask(image_id)
  File "balloon.py", line 165, in load_mask
    rr, cc = skimage.draw.polygon(p['all_points_y'], p['all_points_x'])
KeyError: 'all_points_y'
ERROR:root:Error processing image {'id': '101515374X2_0024.jpg', 'source': 'balloon', 'path': '../../datasets/illustrations/train/101515374X2_0024.jpg', 'width': 1861, 'height': 3445, 'polygons': [{'name': 'rect', 'x': 801, 'y': 385, 'width': 975, 'height': 890}]}
Traceback (most recent call last):
  File "/home/fas/leonard/swk2/miniconda3/envs/maskRCNN/lib/python3.6/site-packages/mask_rcnn-2.1-py3.6.egg/mrcnn/model.py", line 1695, in data_generator
    use_mini_mask=config.USE_MINI_MASK)
  File "/home/fas/leonard/swk2/miniconda3/envs/maskRCNN/lib/python3.6/site-packages/mask_rcnn-2.1-py3.6.egg/mrcnn/model.py", line 1210, in load_image_gt
    mask, class_ids = dataset.load_mask(image_id)
  File "balloon.py", line 165, in load_mask
    rr, cc = skimage.draw.polygon(p['all_points_y'], p['all_points_x'])
KeyError: 'all_points_y'
ERROR:root:Error processing image {'id': 'b22365977_0007.jpg', 'source': 'balloon', 'path': '../../datasets/illustrations/train/b22365977_0007.jpg', 'width': 2642, 'height': 4292, 'polygons': [{'name': 'rect', 'x': 348, 'y': 556, 'width': 2064, 'height': 1657}, {'name': 'rect', 'x': 527, 'y': 2629, 'width': 1606, 'height': 1121}]}
Traceback (most recent call last):
  File "/home/fas/leonard/swk2/miniconda3/envs/maskRCNN/lib/python3.6/site-packages/mask_rcnn-2.1-py3.6.egg/mrcnn/model.py", line 1695, in data_generator
    use_mini_mask=config.USE_MINI_MASK)
  File "/home/fas/leonard/swk2/miniconda3/envs/maskRCNN/lib/python3.6/site-packages/mask_rcnn-2.1-py3.6.egg/mrcnn/model.py", line 1210, in load_image_gt
    mask, class_ids = dataset.load_mask(image_id)
  File "balloon.py", line 165, in load_mask
    rr, cc = skimage.draw.polygon(p['all_points_y'], p['all_points_x'])
KeyError: 'all_points_y'
ERROR:root:Error processing image {'id': 'b21923978_0198.jpg', 'source': 'balloon', 'path': '../../datasets/illustrations/train/b21923978_0198.jpg', 'width': 1743, 'height': 3007, 'polygons': [{'name': 'rect', 'x': 450, 'y': 557, 'width': 876, 'height': 933}]}
Traceback (most recent call last):
  File "/home/fas/leonard/swk2/miniconda3/envs/maskRCNN/lib/python3.6/site-packages/mask_rcnn-2.1-py3.6.egg/mrcnn/model.py", line 1695, in data_generator
    use_mini_mask=config.USE_MINI_MASK)
  File "/home/fas/leonard/swk2/miniconda3/envs/maskRCNN/lib/python3.6/site-packages/mask_rcnn-2.1-py3.6.egg/mrcnn/model.py", line 1210, in load_image_gt
    mask, class_ids = dataset.load_mask(image_id)
  File "balloon.py", line 165, in load_mask
    rr, cc = skimage.draw.polygon(p['all_points_y'], p['all_points_x'])
KeyError: 'all_points_y'
ERROR:root:Error processing image {'id': 'b21932323_0046.jpg', 'source': 'balloon', 'path': '../../datasets/illustrations/train/b21932323_0046.jpg', 'width': 1811, 'height': 2946, 'polygons': [{'name': 'rect', 'x': 557, 'y': 709, 'width': 712, 'height': 817}]}
Traceback (most recent call last):
  File "/home/fas/leonard/swk2/miniconda3/envs/maskRCNN/lib/python3.6/site-packages/mask_rcnn-2.1-py3.6.egg/mrcnn/model.py", line 1695, in data_generator
    use_mini_mask=config.USE_MINI_MASK)
  File "/home/fas/leonard/swk2/miniconda3/envs/maskRCNN/lib/python3.6/site-packages/mask_rcnn-2.1-py3.6.egg/mrcnn/model.py", line 1210, in load_image_gt
    mask, class_ids = dataset.load_mask(image_id)
  File "balloon.py", line 165, in load_mask
    rr, cc = skimage.draw.polygon(p['all_points_y'], p['all_points_x'])
KeyError: 'all_points_y'
ERROR:root:Error processing image {'id': 'nursingc89unse_0048.jpg', 'source': 'balloon', 'path': '../../datasets/illustrations/train/nursingc89unse_0048.jpg', 'width': 2925, 'height': 3863, 'polygons': [{'name': 'rect', 'x': 1059, 'y': 570, 'width': 876, 'height': 1086}]}
Traceback (most recent call last):
  File "/home/fas/leonard/swk2/miniconda3/envs/maskRCNN/lib/python3.6/site-packages/mask_rcnn-2.1-py3.6.egg/mrcnn/model.py", line 1695, in data_generator
    use_mini_mask=config.USE_MINI_MASK)
  File "/home/fas/leonard/swk2/miniconda3/envs/maskRCNN/lib/python3.6/site-packages/mask_rcnn-2.1-py3.6.egg/mrcnn/model.py", line 1210, in load_image_gt
    mask, class_ids = dataset.load_mask(image_id)
  File "balloon.py", line 165, in load_mask
    rr, cc = skimage.draw.polygon(p['all_points_y'], p['all_points_x'])
KeyError: 'all_points_y'
ERROR:root:Error processing image {'id': 'bulletinofuniver6767_0157.jpg', 'source': 'balloon', 'path': '../../datasets/illustrations/train/bulletinofuniver6767_0157.jpg', 'width': 1855, 'height': 2877, 'polygons': [{'name': 'rect', 'x': 541, 'y': 117, 'width': 1234, 'height': 1214}]}
Traceback (most recent call last):
  File "/home/fas/leonard/swk2/miniconda3/envs/maskRCNN/lib/python3.6/site-packages/mask_rcnn-2.1-py3.6.egg/mrcnn/model.py", line 1695, in data_generator
    use_mini_mask=config.USE_MINI_MASK)
  File "/home/fas/leonard/swk2/miniconda3/envs/maskRCNN/lib/python3.6/site-packages/mask_rcnn-2.1-py3.6.egg/mrcnn/model.py", line 1210, in load_image_gt
    mask, class_ids = dataset.load_mask(image_id)
  File "balloon.py", line 165, in load_mask
    rr, cc = skimage.draw.polygon(p['all_points_y'], p['all_points_x'])
KeyError: 'all_points_y'
ERROR:root:Error processing image {'id': 'proceedingsofann1875ameruoft_0636.jpg', 'source': 'balloon', 'path': '../../datasets/illustrations/train/proceedingsofann1875ameruoft_0636.jpg', 'width': 2003, 'height': 3439, 'polygons': [{'name': 'rect', 'x': 518, 'y': 1128, 'width': 1206, 'height': 1553}]}
Traceback (most recent call last):
  File "/home/fas/leonard/swk2/miniconda3/envs/maskRCNN/lib/python3.6/site-packages/mask_rcnn-2.1-py3.6.egg/mrcnn/model.py", line 1695, in data_generator
    use_mini_mask=config.USE_MINI_MASK)
  File "/home/fas/leonard/swk2/miniconda3/envs/maskRCNN/lib/python3.6/site-packages/mask_rcnn-2.1-py3.6.egg/mrcnn/model.py", line 1210, in load_image_gt
    mask, class_ids = dataset.load_mask(image_id)
  File "balloon.py", line 165, in load_mask
    rr, cc = skimage.draw.polygon(p['all_points_y'], p['all_points_x'])
KeyError: 'all_points_y'
ERROR:root:Error processing image {'id': 'b2812098x_0002_0601.jpg', 'source': 'balloon', 'path': '../../datasets/illustrations/train/b2812098x_0002_0601.jpg', 'width': 1809, 'height': 3069, 'polygons': [{'name': 'rect', 'x': 185, 'y': 997, 'width': 1389, 'height': 833}]}
Traceback (most recent call last):
  File "/home/fas/leonard/swk2/miniconda3/envs/maskRCNN/lib/python3.6/site-packages/mask_rcnn-2.1-py3.6.egg/mrcnn/model.py", line 1695, in data_generator
    use_mini_mask=config.USE_MINI_MASK)
  File "/home/fas/leonard/swk2/miniconda3/envs/maskRCNN/lib/python3.6/site-packages/mask_rcnn-2.1-py3.6.egg/mrcnn/model.py", line 1210, in load_image_gt
    mask, class_ids = dataset.load_mask(image_id)
  File "balloon.py", line 165, in load_mask
    rr, cc = skimage.draw.polygon(p['all_points_y'], p['all_points_x'])
KeyError: 'all_points_y'
ERROR:root:Error processing image {'id': 'b2193311x_0654.jpg', 'source': 'balloon', 'path': '../../datasets/illustrations/train/b2193311x_0654.jpg', 'width': 1759, 'height': 3008, 'polygons': [{'name': 'rect', 'x': 193, 'y': 95, 'width': 1369, 'height': 2708}]}
Traceback (most recent call last):
  File "/home/fas/leonard/swk2/miniconda3/envs/maskRCNN/lib/python3.6/site-packages/mask_rcnn-2.1-py3.6.egg/mrcnn/model.py", line 1695, in data_generator
    use_mini_mask=config.USE_MINI_MASK)
  File "/home/fas/leonard/swk2/miniconda3/envs/maskRCNN/lib/python3.6/site-packages/mask_rcnn-2.1-py3.6.egg/mrcnn/model.py", line 1210, in load_image_gt
    mask, class_ids = dataset.load_mask(image_id)
  File "balloon.py", line 165, in load_mask
    rr, cc = skimage.draw.polygon(p['all_points_y'], p['all_points_x'])
KeyError: 'all_points_y'
ERROR:root:Error processing image {'id': 'textbookofbotany00strauoft_0681.jpg', 'source': 'balloon', 'path': '../../datasets/illustrations/train/textbookofbotany00strauoft_0681.jpg', 'width': 1918, 'height': 3216, 'polygons': [{'name': 'rect', 'x': 201, 'y': 366, 'width': 1354, 'height': 2425}]}
Traceback (most recent call last):
  File "/home/fas/leonard/swk2/miniconda3/envs/maskRCNN/lib/python3.6/site-packages/mask_rcnn-2.1-py3.6.egg/mrcnn/model.py", line 1695, in data_generator
    use_mini_mask=config.USE_MINI_MASK)
  File "/home/fas/leonard/swk2/miniconda3/envs/maskRCNN/lib/python3.6/site-packages/mask_rcnn-2.1-py3.6.egg/mrcnn/model.py", line 1210, in load_image_gt
    mask, class_ids = dataset.load_mask(image_id)
  File "balloon.py", line 165, in load_mask
    rr, cc = skimage.draw.polygon(p['all_points_y'], p['all_points_x'])
KeyError: 'all_points_y'
ERROR:root:Error processing image {'id': 'b21923978_0198.jpg', 'source': 'balloon', 'path': '../../datasets/illustrations/train/b21923978_0198.jpg', 'width': 1743, 'height': 3007, 'polygons': [{'name': 'rect', 'x': 450, 'y': 557, 'width': 876, 'height': 933}]}
Traceback (most recent call last):
  File "/home/fas/leonard/swk2/miniconda3/envs/maskRCNN/lib/python3.6/site-packages/mask_rcnn-2.1-py3.6.egg/mrcnn/model.py", line 1695, in data_generator
    use_mini_mask=config.USE_MINI_MASK)
  File "/home/fas/leonard/swk2/miniconda3/envs/maskRCNN/lib/python3.6/site-packages/mask_rcnn-2.1-py3.6.egg/mrcnn/model.py", line 1210, in load_image_gt
    mask, class_ids = dataset.load_mask(image_id)
  File "balloon.py", line 165, in load_mask
    rr, cc = skimage.draw.polygon(p['all_points_y'], p['all_points_x'])
KeyError: 'all_points_y'
ERROR:root:Error processing image {'id': 'gynecology00grav_0787.jpg', 'source': 'balloon', 'path': '../../datasets/illustrations/train/gynecology00grav_0787.jpg', 'width': 2329, 'height': 3708, 'polygons': [{'name': 'rect', 'x': 165, 'y': 918, 'width': 1958, 'height': 1528}]}
Traceback (most recent call last):
  File "/home/fas/leonard/swk2/miniconda3/envs/maskRCNN/lib/python3.6/site-packages/mask_rcnn-2.1-py3.6.egg/mrcnn/model.py", line 1695, in data_generator
    use_mini_mask=config.USE_MINI_MASK)
  File "/home/fas/leonard/swk2/miniconda3/envs/maskRCNN/lib/python3.6/site-packages/mask_rcnn-2.1-py3.6.egg/mrcnn/model.py", line 1210, in load_image_gt
    mask, class_ids = dataset.load_mask(image_id)
  File "balloon.py", line 165, in load_mask
    rr, cc = skimage.draw.polygon(p['all_points_y'], p['all_points_x'])
KeyError: 'all_points_y'
ERROR:root:Error processing image {'id': 's3edinburghmedical04edinuoft_0477.jpg', 'source': 'balloon', 'path': '../../datasets/illustrations/train/s3edinburghmedical04edinuoft_0477.jpg', 'width': 2126, 'height': 3206, 'polygons': [{'name': 'rect', 'x': 267, 'y': 320, 'width': 1355, 'height': 1165}, {'name': 'rect', 'x': 311, 'y': 1717, 'width': 1260, 'height': 1092}]}
Traceback (most recent call last):
  File "/home/fas/leonard/swk2/miniconda3/envs/maskRCNN/lib/python3.6/site-packages/mask_rcnn-2.1-py3.6.egg/mrcnn/model.py", line 1695, in data_generator
    use_mini_mask=config.USE_MINI_MASK)
  File "/home/fas/leonard/swk2/miniconda3/envs/maskRCNN/lib/python3.6/site-packages/mask_rcnn-2.1-py3.6.egg/mrcnn/model.py", line 1210, in load_image_gt
    mask, class_ids = dataset.load_mask(image_id)
  File "balloon.py", line 165, in load_mask
    rr, cc = skimage.draw.polygon(p['all_points_y'], p['all_points_x'])
KeyError: 'all_points_y'
ERROR:root:Error processing image {'id': 'journalofarkansa8911arka_0046.jpg', 'source': 'balloon', 'path': '../../datasets/illustrations/train/journalofarkansa8911arka_0046.jpg', 'width': 3402, 'height': 4569, 'polygons': [{'name': 'rect', 'x': 403, 'y': 330, 'width': 991, 'height': 1122}]}
Traceback (most recent call last):
  File "/home/fas/leonard/swk2/miniconda3/envs/maskRCNN/lib/python3.6/site-packages/mask_rcnn-2.1-py3.6.egg/mrcnn/model.py", line 1695, in data_generator
    use_mini_mask=config.USE_MINI_MASK)
  File "/home/fas/leonard/swk2/miniconda3/envs/maskRCNN/lib/python3.6/site-packages/mask_rcnn-2.1-py3.6.egg/mrcnn/model.py", line 1210, in load_image_gt
    mask, class_ids = dataset.load_mask(image_id)
  File "balloon.py", line 165, in load_mask
    rr, cc = skimage.draw.polygon(p['all_points_y'], p['all_points_x'])
KeyError: 'all_points_y'
ERROR:root:Error processing image {'id': 'terramariaemedic00unse_14_0140.jpg', 'source': 'balloon', 'path': '../../datasets/illustrations/train/terramariaemedic00unse_14_0140.jpg', 'width': 3527, 'height': 4678, 'polygons': [{'name': 'rect', 'x': 894, 'y': 158, 'width': 1024, 'height': 1808}, {'name': 'rect', 'x': 0, 'y': 2030, 'width': 1488, 'height': 1455}, {'name': 'rect', 'x': 1543, 'y': 2322, 'width': 1075, 'height': 1163}, {'name': 'rect', 'x': 2688, 'y': 2322, 'width': 830, 'height': 1159}, {'name': 'rect', 'x': 1974, 'y': 1242, 'width': 1539, 'height': 1010}, {'name': 'rect', 'x': 1891, 'y': 3532, 'width': 1622, 'height': 802}]}
Traceback (most recent call last):
  File "/home/fas/leonard/swk2/miniconda3/envs/maskRCNN/lib/python3.6/site-packages/mask_rcnn-2.1-py3.6.egg/mrcnn/model.py", line 1695, in data_generator
    use_mini_mask=config.USE_MINI_MASK)
  File "/home/fas/leonard/swk2/miniconda3/envs/maskRCNN/lib/python3.6/site-packages/mask_rcnn-2.1-py3.6.egg/mrcnn/model.py", line 1210, in load_image_gt
    mask, class_ids = dataset.load_mask(image_id)
  File "balloon.py", line 165, in load_mask
    rr, cc = skimage.draw.polygon(p['all_points_y'], p['all_points_x'])
KeyError: 'all_points_y'
ERROR:root:Error processing image {'id': 'gynecology00grav_0713.jpg', 'source': 'balloon', 'path': '../../datasets/illustrations/train/gynecology00grav_0713.jpg', 'width': 2329, 'height': 3708, 'polygons': [{'name': 'rect', 'x': 665, 'y': 823, 'width': 996, 'height': 1763}]}
Traceback (most recent call last):
  File "/home/fas/leonard/swk2/miniconda3/envs/maskRCNN/lib/python3.6/site-packages/mask_rcnn-2.1-py3.6.egg/mrcnn/model.py", line 1695, in data_generator
    use_mini_mask=config.USE_MINI_MASK)
  File "/home/fas/leonard/swk2/miniconda3/envs/maskRCNN/lib/python3.6/site-packages/mask_rcnn-2.1-py3.6.egg/mrcnn/model.py", line 1210, in load_image_gt
    mask, class_ids = dataset.load_mask(image_id)
  File "balloon.py", line 165, in load_mask
    rr, cc = skimage.draw.polygon(p['all_points_y'], p['all_points_x'])
KeyError: 'all_points_y'
ERROR:root:Error processing image {'id': 'iowamedicine8111iowa_0349.jpg', 'source': 'balloon', 'path': '../../datasets/illustrations/train/iowamedicine8111iowa_0349.jpg', 'width': 2679, 'height': 3743, 'polygons': [{'name': 'rect', 'x': 270, 'y': 252, 'width': 1968, 'height': 1315}]}
Traceback (most recent call last):
  File "/home/fas/leonard/swk2/miniconda3/envs/maskRCNN/lib/python3.6/site-packages/mask_rcnn-2.1-py3.6.egg/mrcnn/model.py", line 1695, in data_generator
    use_mini_mask=config.USE_MINI_MASK)
  File "/home/fas/leonard/swk2/miniconda3/envs/maskRCNN/lib/python3.6/site-packages/mask_rcnn-2.1-py3.6.egg/mrcnn/model.py", line 1210, in load_image_gt
    mask, class_ids = dataset.load_mask(image_id)
  File "balloon.py", line 165, in load_mask
    rr, cc = skimage.draw.polygon(p['all_points_y'], p['all_points_x'])
KeyError: 'all_points_y'
ERROR:root:Error processing image {'id': 'b22365977_0007.jpg', 'source': 'balloon', 'path': '../../datasets/illustrations/train/b22365977_0007.jpg', 'width': 2642, 'height': 4292, 'polygons': [{'name': 'rect', 'x': 348, 'y': 556, 'width': 2064, 'height': 1657}, {'name': 'rect', 'x': 527, 'y': 2629, 'width': 1606, 'height': 1121}]}
Traceback (most recent call last):
  File "/home/fas/leonard/swk2/miniconda3/envs/maskRCNN/lib/python3.6/site-packages/mask_rcnn-2.1-py3.6.egg/mrcnn/model.py", line 1695, in data_generator
    use_mini_mask=config.USE_MINI_MASK)
  File "/home/fas/leonard/swk2/miniconda3/envs/maskRCNN/lib/python3.6/site-packages/mask_rcnn-2.1-py3.6.egg/mrcnn/model.py", line 1210, in load_image_gt
    mask, class_ids = dataset.load_mask(image_id)
  File "balloon.py", line 165, in load_mask
    rr, cc = skimage.draw.polygon(p['all_points_y'], p['all_points_x'])
KeyError: 'all_points_y'
ERROR:root:Error processing image {'id': 'americanjournal46ameruoft_0062.jpg', 'source': 'balloon', 'path': '../../datasets/illustrations/train/americanjournal46ameruoft_0062.jpg', 'width': 2137, 'height': 3279, 'polygons': [{'name': 'rect', 'x': 552, 'y': 1137, 'width': 1156, 'height': 948}]}
Traceback (most recent call last):
  File "/home/fas/leonard/swk2/miniconda3/envs/maskRCNN/lib/python3.6/site-packages/mask_rcnn-2.1-py3.6.egg/mrcnn/model.py", line 1695, in data_generator
    use_mini_mask=config.USE_MINI_MASK)
  File "/home/fas/leonard/swk2/miniconda3/envs/maskRCNN/lib/python3.6/site-packages/mask_rcnn-2.1-py3.6.egg/mrcnn/model.py", line 1210, in load_image_gt
    mask, class_ids = dataset.load_mask(image_id)
  File "balloon.py", line 165, in load_mask
    rr, cc = skimage.draw.polygon(p['all_points_y'], p['all_points_x'])
KeyError: 'all_points_y'
ERROR:root:Error processing image {'id': 'proceedings16newy_0178.jpg', 'source': 'balloon', 'path': '../../datasets/illustrations/train/proceedings16newy_0178.jpg', 'width': 2133, 'height': 3495, 'polygons': [{'name': 'rect', 'x': 398, 'y': 1125, 'width': 1434, 'height': 1389}]}
Traceback (most recent call last):
  File "/home/fas/leonard/swk2/miniconda3/envs/maskRCNN/lib/python3.6/site-packages/mask_rcnn-2.1-py3.6.egg/mrcnn/model.py", line 1695, in data_generator
    use_mini_mask=config.USE_MINI_MASK)
  File "/home/fas/leonard/swk2/miniconda3/envs/maskRCNN/lib/python3.6/site-packages/mask_rcnn-2.1-py3.6.egg/mrcnn/model.py", line 1210, in load_image_gt
    mask, class_ids = dataset.load_mask(image_id)
  File "balloon.py", line 165, in load_mask
    rr, cc = skimage.draw.polygon(p['all_points_y'], p['all_points_x'])
KeyError: 'all_points_y'
ERROR:root:Error processing image {'id': 's3edinburghmedical04edinuoft_0477.jpg', 'source': 'balloon', 'path': '../../datasets/illustrations/train/s3edinburghmedical04edinuoft_0477.jpg', 'width': 2126, 'height': 3206, 'polygons': [{'name': 'rect', 'x': 267, 'y': 320, 'width': 1355, 'height': 1165}, {'name': 'rect', 'x': 311, 'y': 1717, 'width': 1260, 'height': 1092}]}
Traceback (most recent call last):
  File "/home/fas/leonard/swk2/miniconda3/envs/maskRCNN/lib/python3.6/site-packages/mask_rcnn-2.1-py3.6.egg/mrcnn/model.py", line 1695, in data_generator
    use_mini_mask=config.USE_MINI_MASK)
  File "/home/fas/leonard/swk2/miniconda3/envs/maskRCNN/lib/python3.6/site-packages/mask_rcnn-2.1-py3.6.egg/mrcnn/model.py", line 1210, in load_image_gt
    mask, class_ids = dataset.load_mask(image_id)
  File "balloon.py", line 165, in load_mask
    rr, cc = skimage.draw.polygon(p['all_points_y'], p['all_points_x'])
KeyError: 'all_points_y'
ERROR:root:Error processing image {'id': 'hughespracticeof1911hugh_0460.jpg', 'source': 'balloon', 'path': '../../datasets/illustrations/train/hughespracticeof1911hugh_0460.jpg', 'width': 2177, 'height': 3424, 'polygons': [{'name': 'rect', 'x': 241, 'y': 285, 'width': 916, 'height': 1099}, {'name': 'rect', 'x': 1285, 'y': 471, 'width': 743, 'height': 722}, {'name': 'rect', 'x': 264, 'y': 1801, 'width': 756, 'height': 763}, {'name': 'rect', 'x': 1265, 'y': 1750, 'width': 783, 'height': 807}]}
Traceback (most recent call last):
  File "/home/fas/leonard/swk2/miniconda3/envs/maskRCNN/lib/python3.6/site-packages/mask_rcnn-2.1-py3.6.egg/mrcnn/model.py", line 1695, in data_generator
    use_mini_mask=config.USE_MINI_MASK)
  File "/home/fas/leonard/swk2/miniconda3/envs/maskRCNN/lib/python3.6/site-packages/mask_rcnn-2.1-py3.6.egg/mrcnn/model.py", line 1210, in load_image_gt
    mask, class_ids = dataset.load_mask(image_id)
  File "balloon.py", line 165, in load_mask
    rr, cc = skimage.draw.polygon(p['all_points_y'], p['all_points_x'])
KeyError: 'all_points_y'
ERROR:root:Error processing image {'id': 'differentialdiag002cabo_0293.jpg', 'source': 'balloon', 'path': '../../datasets/illustrations/train/differentialdiag002cabo_0293.jpg', 'width': 2102, 'height': 3453, 'polygons': [{'name': 'rect', 'x': 431, 'y': 1121, 'width': 1152, 'height': 1230}]}
Traceback (most recent call last):
  File "/home/fas/leonard/swk2/miniconda3/envs/maskRCNN/lib/python3.6/site-packages/mask_rcnn-2.1-py3.6.egg/mrcnn/model.py", line 1695, in data_generator
    use_mini_mask=config.USE_MINI_MASK)
  File "/home/fas/leonard/swk2/miniconda3/envs/maskRCNN/lib/python3.6/site-packages/mask_rcnn-2.1-py3.6.egg/mrcnn/model.py", line 1210, in load_image_gt
    mask, class_ids = dataset.load_mask(image_id)
  File "balloon.py", line 165, in load_mask
    rr, cc = skimage.draw.polygon(p['all_points_y'], p['all_points_x'])
KeyError: 'all_points_y'
ERROR:root:Error processing image {'id': 'gynecology00grav_0713.jpg', 'source': 'balloon', 'path': '../../datasets/illustrations/train/gynecology00grav_0713.jpg', 'width': 2329, 'height': 3708, 'polygons': [{'name': 'rect', 'x': 665, 'y': 823, 'width': 996, 'height': 1763}]}
Traceback (most recent call last):
  File "/home/fas/leonard/swk2/miniconda3/envs/maskRCNN/lib/python3.6/site-packages/mask_rcnn-2.1-py3.6.egg/mrcnn/model.py", line 1695, in data_generator
    use_mini_mask=config.USE_MINI_MASK)
  File "/home/fas/leonard/swk2/miniconda3/envs/maskRCNN/lib/python3.6/site-packages/mask_rcnn-2.1-py3.6.egg/mrcnn/model.py", line 1210, in load_image_gt
    mask, class_ids = dataset.load_mask(image_id)
  File "balloon.py", line 165, in load_mask
    rr, cc = skimage.draw.polygon(p['all_points_y'], p['all_points_x'])
KeyError: 'all_points_y'
ERROR:root:Error processing image {'id': 'b21932323_0046.jpg', 'source': 'balloon', 'path': '../../datasets/illustrations/train/b21932323_0046.jpg', 'width': 1811, 'height': 2946, 'polygons': [{'name': 'rect', 'x': 557, 'y': 709, 'width': 712, 'height': 817}]}
Traceback (most recent call last):
  File "/home/fas/leonard/swk2/miniconda3/envs/maskRCNN/lib/python3.6/site-packages/mask_rcnn-2.1-py3.6.egg/mrcnn/model.py", line 1695, in data_generator
    use_mini_mask=config.USE_MINI_MASK)
  File "/home/fas/leonard/swk2/miniconda3/envs/maskRCNN/lib/python3.6/site-packages/mask_rcnn-2.1-py3.6.egg/mrcnn/model.py", line 1210, in load_image_gt
    mask, class_ids = dataset.load_mask(image_id)
  File "balloon.py", line 165, in load_mask
    rr, cc = skimage.draw.polygon(p['all_points_y'], p['all_points_x'])
KeyError: 'all_points_y'
ERROR:root:Error processing image {'id': 'b2812098x_0002_0093.jpg', 'source': 'balloon', 'path': '../../datasets/illustrations/train/b2812098x_0002_0093.jpg', 'width': 1809, 'height': 3069, 'polygons': [{'name': 'rect', 'x': 821, 'y': 833, 'width': 784, 'height': 1627}]}
Traceback (most recent call last):
  File "/home/fas/leonard/swk2/miniconda3/envs/maskRCNN/lib/python3.6/site-packages/mask_rcnn-2.1-py3.6.egg/mrcnn/model.py", line 1695, in data_generator
    use_mini_mask=config.USE_MINI_MASK)
  File "/home/fas/leonard/swk2/miniconda3/envs/maskRCNN/lib/python3.6/site-packages/mask_rcnn-2.1-py3.6.egg/mrcnn/model.py", line 1210, in load_image_gt
    mask, class_ids = dataset.load_mask(image_id)
  File "balloon.py", line 165, in load_mask
    rr, cc = skimage.draw.polygon(p['all_points_y'], p['all_points_x'])
KeyError: 'all_points_y'
ERROR:root:Error processing image {'id': 'textbookofbotany00strauoft_0604.jpg', 'source': 'balloon', 'path': '../../datasets/illustrations/train/textbookofbotany00strauoft_0604.jpg', 'width': 1918, 'height': 3216, 'polygons': [{'name': 'rect', 'x': 261, 'y': 2208, 'width': 398, 'height': 421}, {'name': 'rect', 'x': 857, 'y': 510, 'width': 873, 'height': 2179}]}
Traceback (most recent call last):
  File "/home/fas/leonard/swk2/miniconda3/envs/maskRCNN/lib/python3.6/site-packages/mask_rcnn-2.1-py3.6.egg/mrcnn/model.py", line 1695, in data_generator
    use_mini_mask=config.USE_MINI_MASK)
  File "/home/fas/leonard/swk2/miniconda3/envs/maskRCNN/lib/python3.6/site-packages/mask_rcnn-2.1-py3.6.egg/mrcnn/model.py", line 1210, in load_image_gt
    mask, class_ids = dataset.load_mask(image_id)
  File "balloon.py", line 165, in load_mask
    rr, cc = skimage.draw.polygon(p['all_points_y'], p['all_points_x'])
KeyError: 'all_points_y'
ERROR:root:Error processing image {'id': 'americantextbook00essi_0594.jpg', 'source': 'balloon', 'path': '../../datasets/illustrations/train/americantextbook00essi_0594.jpg', 'width': 2121, 'height': 3452, 'polygons': [{'name': 'rect', 'x': 157, 'y': 1619, 'width': 663, 'height': 324}, {'name': 'rect', 'x': 301, 'y': 2630, 'width': 779, 'height': 434}, {'name': 'rect', 'x': 1346, 'y': 2637, 'width': 492, 'height': 413}]}
Traceback (most recent call last):
  File "/home/fas/leonard/swk2/miniconda3/envs/maskRCNN/lib/python3.6/site-packages/mask_rcnn-2.1-py3.6.egg/mrcnn/model.py", line 1695, in data_generator
    use_mini_mask=config.USE_MINI_MASK)
  File "/home/fas/leonard/swk2/miniconda3/envs/maskRCNN/lib/python3.6/site-packages/mask_rcnn-2.1-py3.6.egg/mrcnn/model.py", line 1210, in load_image_gt
    mask, class_ids = dataset.load_mask(image_id)
  File "balloon.py", line 165, in load_mask
    rr, cc = skimage.draw.polygon(p['all_points_y'], p['all_points_x'])
KeyError: 'all_points_y'
ERROR:root:Error processing image {'id': 'bulletinofuniver6767_0157.jpg', 'source': 'balloon', 'path': '../../datasets/illustrations/train/bulletinofuniver6767_0157.jpg', 'width': 1855, 'height': 2877, 'polygons': [{'name': 'rect', 'x': 541, 'y': 117, 'width': 1234, 'height': 1214}]}
Traceback (most recent call last):
  File "/home/fas/leonard/swk2/miniconda3/envs/maskRCNN/lib/python3.6/site-packages/mask_rcnn-2.1-py3.6.egg/mrcnn/model.py", line 1695, in data_generator
    use_mini_mask=config.USE_MINI_MASK)
  File "/home/fas/leonard/swk2/miniconda3/envs/maskRCNN/lib/python3.6/site-packages/mask_rcnn-2.1-py3.6.egg/mrcnn/model.py", line 1210, in load_image_gt
    mask, class_ids = dataset.load_mask(image_id)
  File "balloon.py", line 165, in load_mask
    rr, cc = skimage.draw.polygon(p['all_points_y'], p['all_points_x'])
KeyError: 'all_points_y'
ERROR:root:Error processing image {'id': 'b2193311x_0654.jpg', 'source': 'balloon', 'path': '../../datasets/illustrations/train/b2193311x_0654.jpg', 'width': 1759, 'height': 3008, 'polygons': [{'name': 'rect', 'x': 193, 'y': 95, 'width': 1369, 'height': 2708}]}
Traceback (most recent call last):
  File "/home/fas/leonard/swk2/miniconda3/envs/maskRCNN/lib/python3.6/site-packages/mask_rcnn-2.1-py3.6.egg/mrcnn/model.py", line 1695, in data_generator
    use_mini_mask=config.USE_MINI_MASK)
  File "/home/fas/leonard/swk2/miniconda3/envs/maskRCNN/lib/python3.6/site-packages/mask_rcnn-2.1-py3.6.egg/mrcnn/model.py", line 1210, in load_image_gt
    mask, class_ids = dataset.load_mask(image_id)
  File "balloon.py", line 165, in load_mask
    rr, cc = skimage.draw.polygon(p['all_points_y'], p['all_points_x'])
KeyError: 'all_points_y'
ERROR:root:Error processing image {'id': 'terramariaemedic00unse_14_0153.jpg', 'source': 'balloon', 'path': '../../datasets/illustrations/train/terramariaemedic00unse_14_0153.jpg', 'width': 3519, 'height': 4578, 'polygons': [{'name': 'rect', 'x': 50, 'y': 145, 'width': 1020, 'height': 1233}, {'name': 'rect', 'x': 1165, 'y': 145, 'width': 2168, 'height': 1193}, {'name': 'rect', 'x': 63, 'y': 1506, 'width': 1424, 'height': 1120}, {'name': 'rect', 'x': 1605, 'y': 1447, 'width': 1705, 'height': 1156}, {'name': 'rect', 'x': 63, 'y': 2748, 'width': 2131, 'height': 1492}, {'name': 'rect', 'x': 2304, 'y': 2744, 'width': 1048, 'height': 1483}]}
Traceback (most recent call last):
  File "/home/fas/leonard/swk2/miniconda3/envs/maskRCNN/lib/python3.6/site-packages/mask_rcnn-2.1-py3.6.egg/mrcnn/model.py", line 1695, in data_generator
    use_mini_mask=config.USE_MINI_MASK)
  File "/home/fas/leonard/swk2/miniconda3/envs/maskRCNN/lib/python3.6/site-packages/mask_rcnn-2.1-py3.6.egg/mrcnn/model.py", line 1210, in load_image_gt
    mask, class_ids = dataset.load_mask(image_id)
  File "balloon.py", line 165, in load_mask
    rr, cc = skimage.draw.polygon(p['all_points_y'], p['all_points_x'])
KeyError: 'all_points_y'
ERROR:root:Error processing image {'id': 'b21932323_0509.jpg', 'source': 'balloon', 'path': '../../datasets/illustrations/train/b21932323_0509.jpg', 'width': 1811, 'height': 2946, 'polygons': [{'name': 'rect', 'x': 198, 'y': 271, 'width': 1309, 'height': 1455}]}
Traceback (most recent call last):
  File "/home/fas/leonard/swk2/miniconda3/envs/maskRCNN/lib/python3.6/site-packages/mask_rcnn-2.1-py3.6.egg/mrcnn/model.py", line 1695, in data_generator
    use_mini_mask=config.USE_MINI_MASK)
  File "/home/fas/leonard/swk2/miniconda3/envs/maskRCNN/lib/python3.6/site-packages/mask_rcnn-2.1-py3.6.egg/mrcnn/model.py", line 1210, in load_image_gt
    mask, class_ids = dataset.load_mask(image_id)
  File "balloon.py", line 165, in load_mask
    rr, cc = skimage.draw.polygon(p['all_points_y'], p['all_points_x'])
KeyError: 'all_points_y'
ERROR:root:Error processing image {'id': 'b21357298_0133.jpg', 'source': 'balloon', 'path': '../../datasets/illustrations/train/b21357298_0133.jpg', 'width': 1660, 'height': 2826, 'polygons': [{'name': 'rect', 'x': 115, 'y': 647, 'width': 1257, 'height': 1366}]}
Traceback (most recent call last):
  File "/home/fas/leonard/swk2/miniconda3/envs/maskRCNN/lib/python3.6/site-packages/mask_rcnn-2.1-py3.6.egg/mrcnn/model.py", line 1695, in data_generator
    use_mini_mask=config.USE_MINI_MASK)
  File "/home/fas/leonard/swk2/miniconda3/envs/maskRCNN/lib/python3.6/site-packages/mask_rcnn-2.1-py3.6.egg/mrcnn/model.py", line 1210, in load_image_gt
    mask, class_ids = dataset.load_mask(image_id)
  File "balloon.py", line 165, in load_mask
    rr, cc = skimage.draw.polygon(p['all_points_y'], p['all_points_x'])
KeyError: 'all_points_y'
ERROR:root:Error processing image {'id': 'b2804874x_0074.jpg', 'source': 'balloon', 'path': '../../datasets/illustrations/train/b2804874x_0074.jpg', 'width': 1603, 'height': 2493, 'polygons': [{'name': 'rect', 'x': 225, 'y': 657, 'width': 1329, 'height': 237}]}
Traceback (most recent call last):
  File "/home/fas/leonard/swk2/miniconda3/envs/maskRCNN/lib/python3.6/site-packages/mask_rcnn-2.1-py3.6.egg/mrcnn/model.py", line 1695, in data_generator
    use_mini_mask=config.USE_MINI_MASK)
  File "/home/fas/leonard/swk2/miniconda3/envs/maskRCNN/lib/python3.6/site-packages/mask_rcnn-2.1-py3.6.egg/mrcnn/model.py", line 1210, in load_image_gt
    mask, class_ids = dataset.load_mask(image_id)
  File "balloon.py", line 165, in load_mask
    rr, cc = skimage.draw.polygon(p['all_points_y'], p['all_points_x'])
KeyError: 'all_points_y'
ERROR:root:Error processing image {'id': 'nursingc89unse_0023.jpg', 'source': 'balloon', 'path': '../../datasets/illustrations/train/nursingc89unse_0023.jpg', 'width': 2925, 'height': 3889, 'polygons': [{'name': 'rect', 'x': 1020, 'y': 585, 'width': 1805, 'height': 1412}]}
Traceback (most recent call last):
  File "/home/fas/leonard/swk2/miniconda3/envs/maskRCNN/lib/python3.6/site-packages/mask_rcnn-2.1-py3.6.egg/mrcnn/model.py", line 1695, in data_generator
    use_mini_mask=config.USE_MINI_MASK)
  File "/home/fas/leonard/swk2/miniconda3/envs/maskRCNN/lib/python3.6/site-packages/mask_rcnn-2.1-py3.6.egg/mrcnn/model.py", line 1210, in load_image_gt
    mask, class_ids = dataset.load_mask(image_id)
  File "balloon.py", line 165, in load_mask
    rr, cc = skimage.draw.polygon(p['all_points_y'], p['all_points_x'])
KeyError: 'all_points_y'
ERROR:root:Error processing image {'id': 'principlespracti00bedf_0066.jpg', 'source': 'balloon', 'path': '../../datasets/illustrations/train/principlespracti00bedf_0066.jpg', 'width': 2493, 'height': 4262, 'polygons': [{'name': 'rect', 'x': 569, 'y': 2607, 'width': 1375, 'height': 1050}]}
Traceback (most recent call last):
  File "/home/fas/leonard/swk2/miniconda3/envs/maskRCNN/lib/python3.6/site-packages/mask_rcnn-2.1-py3.6.egg/mrcnn/model.py", line 1695, in data_generator
    use_mini_mask=config.USE_MINI_MASK)
  File "/home/fas/leonard/swk2/miniconda3/envs/maskRCNN/lib/python3.6/site-packages/mask_rcnn-2.1-py3.6.egg/mrcnn/model.py", line 1210, in load_image_gt
    mask, class_ids = dataset.load_mask(image_id)
  File "balloon.py", line 165, in load_mask
    rr, cc = skimage.draw.polygon(p['all_points_y'], p['all_points_x'])
KeyError: 'all_points_y'
ERROR:root:Error processing image {'id': 'b21915635_0002_0116.jpg', 'source': 'balloon', 'path': '../../datasets/illustrations/train/b21915635_0002_0116.jpg', 'width': 1886, 'height': 3313, 'polygons': [{'name': 'rect', 'x': 430, 'y': 1473, 'width': 1178, 'height': 686}]}
Traceback (most recent call last):
  File "/home/fas/leonard/swk2/miniconda3/envs/maskRCNN/lib/python3.6/site-packages/mask_rcnn-2.1-py3.6.egg/mrcnn/model.py", line 1695, in data_generator
    use_mini_mask=config.USE_MINI_MASK)
  File "/home/fas/leonard/swk2/miniconda3/envs/maskRCNN/lib/python3.6/site-packages/mask_rcnn-2.1-py3.6.egg/mrcnn/model.py", line 1210, in load_image_gt
    mask, class_ids = dataset.load_mask(image_id)
  File "balloon.py", line 165, in load_mask
    rr, cc = skimage.draw.polygon(p['all_points_y'], p['all_points_x'])
KeyError: 'all_points_y'
ERROR:root:Error processing image {'id': 'b21915635_0002_0116.jpg', 'source': 'balloon', 'path': '../../datasets/illustrations/train/b21915635_0002_0116.jpg', 'width': 1886, 'height': 3313, 'polygons': [{'name': 'rect', 'x': 430, 'y': 1473, 'width': 1178, 'height': 686}]}
Traceback (most recent call last):
  File "/home/fas/leonard/swk2/miniconda3/envs/maskRCNN/lib/python3.6/site-packages/mask_rcnn-2.1-py3.6.egg/mrcnn/model.py", line 1695, in data_generator
    use_mini_mask=config.USE_MINI_MASK)
  File "/home/fas/leonard/swk2/miniconda3/envs/maskRCNN/lib/python3.6/site-packages/mask_rcnn-2.1-py3.6.egg/mrcnn/model.py", line 1210, in load_image_gt
    mask, class_ids = dataset.load_mask(image_id)
  File "balloon.py", line 165, in load_mask
    rr, cc = skimage.draw.polygon(p['all_points_y'], p['all_points_x'])
KeyError: 'all_points_y'
ERROR:root:Error processing image {'id': 'americantextbook00essi_0480.jpg', 'source': 'balloon', 'path': '../../datasets/illustrations/train/americantextbook00essi_0480.jpg', 'width': 2121, 'height': 3452, 'polygons': [{'name': 'rect', 'x': 512, 'y': 615, 'width': 1025, 'height': 912}, {'name': 'rect', 'x': 362, 'y': 1930, 'width': 1356, 'height': 970}]}
Traceback (most recent call last):
  File "/home/fas/leonard/swk2/miniconda3/envs/maskRCNN/lib/python3.6/site-packages/mask_rcnn-2.1-py3.6.egg/mrcnn/model.py", line 1695, in data_generator
    use_mini_mask=config.USE_MINI_MASK)
  File "/home/fas/leonard/swk2/miniconda3/envs/maskRCNN/lib/python3.6/site-packages/mask_rcnn-2.1-py3.6.egg/mrcnn/model.py", line 1210, in load_image_gt
    mask, class_ids = dataset.load_mask(image_id)
  File "balloon.py", line 165, in load_mask
    rr, cc = skimage.draw.polygon(p['all_points_y'], p['all_points_x'])
KeyError: 'all_points_y'
ERROR:root:Error processing image {'id': 'americantextbook00essi_0480.jpg', 'source': 'balloon', 'path': '../../datasets/illustrations/train/americantextbook00essi_0480.jpg', 'width': 2121, 'height': 3452, 'polygons': [{'name': 'rect', 'x': 512, 'y': 615, 'width': 1025, 'height': 912}, {'name': 'rect', 'x': 362, 'y': 1930, 'width': 1356, 'height': 970}]}
Traceback (most recent call last):
  File "/home/fas/leonard/swk2/miniconda3/envs/maskRCNN/lib/python3.6/site-packages/mask_rcnn-2.1-py3.6.egg/mrcnn/model.py", line 1695, in data_generator
    use_mini_mask=config.USE_MINI_MASK)
  File "/home/fas/leonard/swk2/miniconda3/envs/maskRCNN/lib/python3.6/site-packages/mask_rcnn-2.1-py3.6.egg/mrcnn/model.py", line 1210, in load_image_gt
    mask, class_ids = dataset.load_mask(image_id)
  File "balloon.py", line 165, in load_mask
    rr, cc = skimage.draw.polygon(p['all_points_y'], p['all_points_x'])
KeyError: 'all_points_y'
ERROR:root:Error processing image {'id': 'textbookofdental00burc_0367.jpg', 'source': 'balloon', 'path': '../../datasets/illustrations/train/textbookofdental00burc_0367.jpg', 'width': 1990, 'height': 3381, 'polygons': [{'name': 'rect', 'x': 211, 'y': 905, 'width': 1568, 'height': 1276}]}
Traceback (most recent call last):
  File "/home/fas/leonard/swk2/miniconda3/envs/maskRCNN/lib/python3.6/site-packages/mask_rcnn-2.1-py3.6.egg/mrcnn/model.py", line 1695, in data_generator
    use_mini_mask=config.USE_MINI_MASK)
  File "/home/fas/leonard/swk2/miniconda3/envs/maskRCNN/lib/python3.6/site-packages/mask_rcnn-2.1-py3.6.egg/mrcnn/model.py", line 1210, in load_image_gt
    mask, class_ids = dataset.load_mask(image_id)
  File "balloon.py", line 165, in load_mask
    rr, cc = skimage.draw.polygon(p['all_points_y'], p['all_points_x'])
KeyError: 'all_points_y'
ERROR:root:Error processing image {'id': 'differentialdiag002cabo_0117.jpg', 'source': 'balloon', 'path': '../../datasets/illustrations/train/differentialdiag002cabo_0117.jpg', 'width': 2102, 'height': 3453, 'polygons': [{'name': 'rect', 'x': 362, 'y': 885, 'width': 1142, 'height': 1477}]}
Traceback (most recent call last):
  File "/home/fas/leonard/swk2/miniconda3/envs/maskRCNN/lib/python3.6/site-packages/mask_rcnn-2.1-py3.6.egg/mrcnn/model.py", line 1695, in data_generator
    use_mini_mask=config.USE_MINI_MASK)
  File "/home/fas/leonard/swk2/miniconda3/envs/maskRCNN/lib/python3.6/site-packages/mask_rcnn-2.1-py3.6.egg/mrcnn/model.py", line 1210, in load_image_gt
    mask, class_ids = dataset.load_mask(image_id)
  File "balloon.py", line 165, in load_mask
    rr, cc = skimage.draw.polygon(p['all_points_y'], p['all_points_x'])
KeyError: 'all_points_y'
ERROR:root:Error processing image {'id': 'b21932323_0151.jpg', 'source': 'balloon', 'path': '../../datasets/illustrations/train/b21932323_0151.jpg', 'width': 1811, 'height': 2946, 'polygons': [{'name': 'rect', 'x': 408, 'y': 726, 'width': 872, 'height': 1341}]}
Traceback (most recent call last):
  File "/home/fas/leonard/swk2/miniconda3/envs/maskRCNN/lib/python3.6/site-packages/mask_rcnn-2.1-py3.6.egg/mrcnn/model.py", line 1695, in data_generator
    use_mini_mask=config.USE_MINI_MASK)
  File "/home/fas/leonard/swk2/miniconda3/envs/maskRCNN/lib/python3.6/site-packages/mask_rcnn-2.1-py3.6.egg/mrcnn/model.py", line 1210, in load_image_gt
    mask, class_ids = dataset.load_mask(image_id)
  File "balloon.py", line 165, in load_mask
    rr, cc = skimage.draw.polygon(p['all_points_y'], p['all_points_x'])
KeyError: 'all_points_y'
ERROR:root:Error processing image {'id': '2556052R_0163.jpg', 'source': 'balloon', 'path': '../../datasets/illustrations/train/2556052R_0163.jpg', 'width': 1995, 'height': 3194, 'polygons': [{'name': 'rect', 'x': 566, 'y': 730, 'width': 740, 'height': 990}]}
Traceback (most recent call last):
  File "/home/fas/leonard/swk2/miniconda3/envs/maskRCNN/lib/python3.6/site-packages/mask_rcnn-2.1-py3.6.egg/mrcnn/model.py", line 1695, in data_generator
    use_mini_mask=config.USE_MINI_MASK)
  File "/home/fas/leonard/swk2/miniconda3/envs/maskRCNN/lib/python3.6/site-packages/mask_rcnn-2.1-py3.6.egg/mrcnn/model.py", line 1210, in load_image_gt
    mask, class_ids = dataset.load_mask(image_id)
  File "balloon.py", line 165, in load_mask
    rr, cc = skimage.draw.polygon(p['all_points_y'], p['all_points_x'])
KeyError: 'all_points_y'
ERROR:root:Error processing image {'id': 'messagefromameri00unit_0_0102.jpg', 'source': 'balloon', 'path': '../../datasets/illustrations/train/messagefromameri00unit_0_0102.jpg', 'width': 2737, 'height': 4006, 'polygons': [{'name': 'rect', 'x': 468, 'y': 948, 'width': 1964, 'height': 1186}]}
Traceback (most recent call last):
  File "/home/fas/leonard/swk2/miniconda3/envs/maskRCNN/lib/python3.6/site-packages/mask_rcnn-2.1-py3.6.egg/mrcnn/model.py", line 1695, in data_generator
    use_mini_mask=config.USE_MINI_MASK)
  File "/home/fas/leonard/swk2/miniconda3/envs/maskRCNN/lib/python3.6/site-packages/mask_rcnn-2.1-py3.6.egg/mrcnn/model.py", line 1210, in load_image_gt
    mask, class_ids = dataset.load_mask(image_id)
  File "balloon.py", line 165, in load_mask
    rr, cc = skimage.draw.polygon(p['all_points_y'], p['all_points_x'])
KeyError: 'all_points_y'
ERROR:root:Error processing image {'id': 'b2491051x_0259.jpg', 'source': 'balloon', 'path': '../../datasets/illustrations/train/b2491051x_0259.jpg', 'width': 2182, 'height': 3479, 'polygons': [{'name': 'rect', 'x': 134, 'y': 538, 'width': 1658, 'height': 2410}]}
Traceback (most recent call last):
  File "/home/fas/leonard/swk2/miniconda3/envs/maskRCNN/lib/python3.6/site-packages/mask_rcnn-2.1-py3.6.egg/mrcnn/model.py", line 1695, in data_generator
    use_mini_mask=config.USE_MINI_MASK)
  File "/home/fas/leonard/swk2/miniconda3/envs/maskRCNN/lib/python3.6/site-packages/mask_rcnn-2.1-py3.6.egg/mrcnn/model.py", line 1210, in load_image_gt
    mask, class_ids = dataset.load_mask(image_id)
  File "balloon.py", line 165, in load_mask
    rr, cc = skimage.draw.polygon(p['all_points_y'], p['all_points_x'])
KeyError: 'all_points_y'
ERROR:root:Error processing image {'id': 'b21915635_0002_0116.jpg', 'source': 'balloon', 'path': '../../datasets/illustrations/train/b21915635_0002_0116.jpg', 'width': 1886, 'height': 3313, 'polygons': [{'name': 'rect', 'x': 430, 'y': 1473, 'width': 1178, 'height': 686}]}
Traceback (most recent call last):
  File "/home/fas/leonard/swk2/miniconda3/envs/maskRCNN/lib/python3.6/site-packages/mask_rcnn-2.1-py3.6.egg/mrcnn/model.py", line 1695, in data_generator
    use_mini_mask=config.USE_MINI_MASK)
  File "/home/fas/leonard/swk2/miniconda3/envs/maskRCNN/lib/python3.6/site-packages/mask_rcnn-2.1-py3.6.egg/mrcnn/model.py", line 1210, in load_image_gt
    mask, class_ids = dataset.load_mask(image_id)
  File "balloon.py", line 165, in load_mask
    rr, cc = skimage.draw.polygon(p['all_points_y'], p['all_points_x'])
KeyError: 'all_points_y'
ERROR:root:Error processing image {'id': 'b2130175x_0620.jpg', 'source': 'balloon', 'path': '../../datasets/illustrations/train/b2130175x_0620.jpg', 'width': 1801, 'height': 2929, 'polygons': [{'name': 'rect', 'x': 241, 'y': 740, 'width': 1421, 'height': 992}]}
Traceback (most recent call last):
  File "/home/fas/leonard/swk2/miniconda3/envs/maskRCNN/lib/python3.6/site-packages/mask_rcnn-2.1-py3.6.egg/mrcnn/model.py", line 1695, in data_generator
    use_mini_mask=config.USE_MINI_MASK)
  File "/home/fas/leonard/swk2/miniconda3/envs/maskRCNN/lib/python3.6/site-packages/mask_rcnn-2.1-py3.6.egg/mrcnn/model.py", line 1210, in load_image_gt
    mask, class_ids = dataset.load_mask(image_id)
  File "balloon.py", line 165, in load_mask
    rr, cc = skimage.draw.polygon(p['all_points_y'], p['all_points_x'])
KeyError: 'all_points_y'
ERROR:root:Error processing image {'id': 'textbookofbotany00strauoft_0416.jpg', 'source': 'balloon', 'path': '../../datasets/illustrations/train/textbookofbotany00strauoft_0416.jpg', 'width': 1918, 'height': 3216, 'polygons': [{'name': 'rect', 'x': 143, 'y': 519, 'width': 895, 'height': 386}, {'name': 'rect', 'x': 857, 'y': 1201, 'width': 879, 'height': 1265}]}
Traceback (most recent call last):
  File "/home/fas/leonard/swk2/miniconda3/envs/maskRCNN/lib/python3.6/site-packages/mask_rcnn-2.1-py3.6.egg/mrcnn/model.py", line 1695, in data_generator
    use_mini_mask=config.USE_MINI_MASK)
  File "/home/fas/leonard/swk2/miniconda3/envs/maskRCNN/lib/python3.6/site-packages/mask_rcnn-2.1-py3.6.egg/mrcnn/model.py", line 1210, in load_image_gt
    mask, class_ids = dataset.load_mask(image_id)
  File "balloon.py", line 165, in load_mask
    rr, cc = skimage.draw.polygon(p['all_points_y'], p['all_points_x'])
KeyError: 'all_points_y'
ERROR:root:Error processing image {'id': 'saudiexperimenti00prep_0045.jpg', 'source': 'balloon', 'path': '../../datasets/illustrations/train/saudiexperimenti00prep_0045.jpg', 'width': 2864, 'height': 4344, 'polygons': [{'name': 'rect', 'x': 189, 'y': 1028, 'width': 2421, 'height': 1656}]}
Traceback (most recent call last):
  File "/home/fas/leonard/swk2/miniconda3/envs/maskRCNN/lib/python3.6/site-packages/mask_rcnn-2.1-py3.6.egg/mrcnn/model.py", line 1695, in data_generator
    use_mini_mask=config.USE_MINI_MASK)
  File "/home/fas/leonard/swk2/miniconda3/envs/maskRCNN/lib/python3.6/site-packages/mask_rcnn-2.1-py3.6.egg/mrcnn/model.py", line 1210, in load_image_gt
    mask, class_ids = dataset.load_mask(image_id)
  File "balloon.py", line 165, in load_mask
    rr, cc = skimage.draw.polygon(p['all_points_y'], p['all_points_x'])
KeyError: 'all_points_y'
ERROR:root:Error processing image {'id': 'b2150751x_0001_0585.jpg', 'source': 'balloon', 'path': '../../datasets/illustrations/train/b2150751x_0001_0585.jpg', 'width': 2025, 'height': 3331, 'polygons': [{'name': 'rect', 'x': 937, 'y': 1200, 'width': 729, 'height': 930}]}
Traceback (most recent call last):
  File "/home/fas/leonard/swk2/miniconda3/envs/maskRCNN/lib/python3.6/site-packages/mask_rcnn-2.1-py3.6.egg/mrcnn/model.py", line 1695, in data_generator
    use_mini_mask=config.USE_MINI_MASK)
  File "/home/fas/leonard/swk2/miniconda3/envs/maskRCNN/lib/python3.6/site-packages/mask_rcnn-2.1-py3.6.egg/mrcnn/model.py", line 1210, in load_image_gt
    mask, class_ids = dataset.load_mask(image_id)
  File "balloon.py", line 165, in load_mask
    rr, cc = skimage.draw.polygon(p['all_points_y'], p['all_points_x'])
KeyError: 'all_points_y'
ERROR:root:Error processing image {'id': 'nursingc89unse_0028.jpg', 'source': 'balloon', 'path': '../../datasets/illustrations/train/nursingc89unse_0028.jpg', 'width': 2925, 'height': 3864, 'polygons': [{'name': 'rect', 'x': 1040, 'y': 2497, 'width': 860, 'height': 1013}]}
Traceback (most recent call last):
  File "/home/fas/leonard/swk2/miniconda3/envs/maskRCNN/lib/python3.6/site-packages/mask_rcnn-2.1-py3.6.egg/mrcnn/model.py", line 1695, in data_generator
    use_mini_mask=config.USE_MINI_MASK)
  File "/home/fas/leonard/swk2/miniconda3/envs/maskRCNN/lib/python3.6/site-packages/mask_rcnn-2.1-py3.6.egg/mrcnn/model.py", line 1210, in load_image_gt
    mask, class_ids = dataset.load_mask(image_id)
  File "balloon.py", line 165, in load_mask
    rr, cc = skimage.draw.polygon(p['all_points_y'], p['all_points_x'])
KeyError: 'all_points_y'
ERROR:root:Error processing image {'id': 'textbookofbotany00strauoft_0604.jpg', 'source': 'balloon', 'path': '../../datasets/illustrations/train/textbookofbotany00strauoft_0604.jpg', 'width': 1918, 'height': 3216, 'polygons': [{'name': 'rect', 'x': 261, 'y': 2208, 'width': 398, 'height': 421}, {'name': 'rect', 'x': 857, 'y': 510, 'width': 873, 'height': 2179}]}
Traceback (most recent call last):
  File "/home/fas/leonard/swk2/miniconda3/envs/maskRCNN/lib/python3.6/site-packages/mask_rcnn-2.1-py3.6.egg/mrcnn/model.py", line 1695, in data_generator
    use_mini_mask=config.USE_MINI_MASK)
  File "/home/fas/leonard/swk2/miniconda3/envs/maskRCNN/lib/python3.6/site-packages/mask_rcnn-2.1-py3.6.egg/mrcnn/model.py", line 1210, in load_image_gt
    mask, class_ids = dataset.load_mask(image_id)
  File "balloon.py", line 165, in load_mask
    rr, cc = skimage.draw.polygon(p['all_points_y'], p['all_points_x'])
KeyError: 'all_points_y'
ERROR:root:Error processing image {'id': 'b21932323_0151.jpg', 'source': 'balloon', 'path': '../../datasets/illustrations/train/b21932323_0151.jpg', 'width': 1811, 'height': 2946, 'polygons': [{'name': 'rect', 'x': 408, 'y': 726, 'width': 872, 'height': 1341}]}
Traceback (most recent call last):
  File "/home/fas/leonard/swk2/miniconda3/envs/maskRCNN/lib/python3.6/site-packages/mask_rcnn-2.1-py3.6.egg/mrcnn/model.py", line 1695, in data_generator
    use_mini_mask=config.USE_MINI_MASK)
  File "/home/fas/leonard/swk2/miniconda3/envs/maskRCNN/lib/python3.6/site-packages/mask_rcnn-2.1-py3.6.egg/mrcnn/model.py", line 1210, in load_image_gt
    mask, class_ids = dataset.load_mask(image_id)
  File "balloon.py", line 165, in load_mask
    rr, cc = skimage.draw.polygon(p['all_points_y'], p['all_points_x'])
KeyError: 'all_points_y'
ERROR:root:Error processing image {'id': 'anatomicalmemoir21good_0494.jpg', 'source': 'balloon', 'path': '../../datasets/illustrations/train/anatomicalmemoir21good_0494.jpg', 'width': 1680, 'height': 2929, 'polygons': [{'name': 'rect', 'x': 84, 'y': 203, 'width': 1430, 'height': 2472}]}
Traceback (most recent call last):
  File "/home/fas/leonard/swk2/miniconda3/envs/maskRCNN/lib/python3.6/site-packages/mask_rcnn-2.1-py3.6.egg/mrcnn/model.py", line 1695, in data_generator
    use_mini_mask=config.USE_MINI_MASK)
  File "/home/fas/leonard/swk2/miniconda3/envs/maskRCNN/lib/python3.6/site-packages/mask_rcnn-2.1-py3.6.egg/mrcnn/model.py", line 1210, in load_image_gt
    mask, class_ids = dataset.load_mask(image_id)
  File "balloon.py", line 165, in load_mask
    rr, cc = skimage.draw.polygon(p['all_points_y'], p['all_points_x'])
KeyError: 'all_points_y'
ERROR:root:Error processing image {'id': 'b22365977_0007.jpg', 'source': 'balloon', 'path': '../../datasets/illustrations/train/b22365977_0007.jpg', 'width': 2642, 'height': 4292, 'polygons': [{'name': 'rect', 'x': 348, 'y': 556, 'width': 2064, 'height': 1657}, {'name': 'rect', 'x': 527, 'y': 2629, 'width': 1606, 'height': 1121}]}
Traceback (most recent call last):
  File "/home/fas/leonard/swk2/miniconda3/envs/maskRCNN/lib/python3.6/site-packages/mask_rcnn-2.1-py3.6.egg/mrcnn/model.py", line 1695, in data_generator
    use_mini_mask=config.USE_MINI_MASK)
  File "/home/fas/leonard/swk2/miniconda3/envs/maskRCNN/lib/python3.6/site-packages/mask_rcnn-2.1-py3.6.egg/mrcnn/model.py", line 1210, in load_image_gt
    mask, class_ids = dataset.load_mask(image_id)
  File "balloon.py", line 165, in load_mask
    rr, cc = skimage.draw.polygon(p['all_points_y'], p['all_points_x'])
KeyError: 'all_points_y'
ERROR:root:Error processing image {'id': 'b29123082_0081.jpg', 'source': 'balloon', 'path': '../../datasets/illustrations/train/b29123082_0081.jpg', 'width': 2024, 'height': 3346, 'polygons': [{'name': 'rect', 'x': 23, 'y': 788, 'width': 1988, 'height': 1534}]}
Traceback (most recent call last):
  File "/home/fas/leonard/swk2/miniconda3/envs/maskRCNN/lib/python3.6/site-packages/mask_rcnn-2.1-py3.6.egg/mrcnn/model.py", line 1695, in data_generator
    use_mini_mask=config.USE_MINI_MASK)
  File "/home/fas/leonard/swk2/miniconda3/envs/maskRCNN/lib/python3.6/site-packages/mask_rcnn-2.1-py3.6.egg/mrcnn/model.py", line 1210, in load_image_gt
    mask, class_ids = dataset.load_mask(image_id)
  File "balloon.py", line 165, in load_mask
    rr, cc = skimage.draw.polygon(p['all_points_y'], p['all_points_x'])
KeyError: 'all_points_y'
ERROR:root:Error processing image {'id': 'americantextbook00essi_0177.jpg', 'source': 'balloon', 'path': '../../datasets/illustrations/train/americantextbook00essi_0177.jpg', 'width': 2121, 'height': 3452, 'polygons': [{'name': 'rect', 'x': 1305, 'y': 1554, 'width': 587, 'height': 178}, {'name': 'rect', 'x': 1079, 'y': 2097, 'width': 768, 'height': 225}, {'name': 'rect', 'x': 212, 'y': 2637, 'width': 710, 'height': 239}, {'name': 'rect', 'x': 1055, 'y': 2633, 'width': 724, 'height': 219}]}
Traceback (most recent call last):
  File "/home/fas/leonard/swk2/miniconda3/envs/maskRCNN/lib/python3.6/site-packages/mask_rcnn-2.1-py3.6.egg/mrcnn/model.py", line 1695, in data_generator
    use_mini_mask=config.USE_MINI_MASK)
  File "/home/fas/leonard/swk2/miniconda3/envs/maskRCNN/lib/python3.6/site-packages/mask_rcnn-2.1-py3.6.egg/mrcnn/model.py", line 1210, in load_image_gt
    mask, class_ids = dataset.load_mask(image_id)
  File "balloon.py", line 165, in load_mask
    rr, cc = skimage.draw.polygon(p['all_points_y'], p['all_points_x'])
KeyError: 'all_points_y'
ERROR:root:Error processing image {'id': '67440190R_0259.jpg', 'source': 'balloon', 'path': '../../datasets/illustrations/train/67440190R_0259.jpg', 'width': 3357, 'height': 4424, 'polygons': [{'name': 'rect', 'x': 596, 'y': 618, 'width': 1898, 'height': 1451}, {'name': 'rect', 'x': 543, 'y': 2331, 'width': 1998, 'height': 1437}]}
Traceback (most recent call last):
  File "/home/fas/leonard/swk2/miniconda3/envs/maskRCNN/lib/python3.6/site-packages/mask_rcnn-2.1-py3.6.egg/mrcnn/model.py", line 1695, in data_generator
    use_mini_mask=config.USE_MINI_MASK)
  File "/home/fas/leonard/swk2/miniconda3/envs/maskRCNN/lib/python3.6/site-packages/mask_rcnn-2.1-py3.6.egg/mrcnn/model.py", line 1210, in load_image_gt
    mask, class_ids = dataset.load_mask(image_id)
  File "balloon.py", line 165, in load_mask
    rr, cc = skimage.draw.polygon(p['all_points_y'], p['all_points_x'])
KeyError: 'all_points_y'
ERROR:root:Error processing image {'id': 'anaestheticsthei1914buxt_0281.jpg', 'source': 'balloon', 'path': '../../datasets/illustrations/train/anaestheticsthei1914buxt_0281.jpg', 'width': 1959, 'height': 3136, 'polygons': [{'name': 'rect', 'x': 618, 'y': 705, 'width': 540, 'height': 817}, {'name': 'rect', 'x': 1332, 'y': 1990, 'width': 369, 'height': 649}]}
Traceback (most recent call last):
  File "/home/fas/leonard/swk2/miniconda3/envs/maskRCNN/lib/python3.6/site-packages/mask_rcnn-2.1-py3.6.egg/mrcnn/model.py", line 1695, in data_generator
    use_mini_mask=config.USE_MINI_MASK)
  File "/home/fas/leonard/swk2/miniconda3/envs/maskRCNN/lib/python3.6/site-packages/mask_rcnn-2.1-py3.6.egg/mrcnn/model.py", line 1210, in load_image_gt
    mask, class_ids = dataset.load_mask(image_id)
  File "balloon.py", line 165, in load_mask
    rr, cc = skimage.draw.polygon(p['all_points_y'], p['all_points_x'])
KeyError: 'all_points_y'
ERROR:root:Error processing image {'id': 'iowamedicine8111iowa_0349.jpg', 'source': 'balloon', 'path': '../../datasets/illustrations/train/iowamedicine8111iowa_0349.jpg', 'width': 2679, 'height': 3743, 'polygons': [{'name': 'rect', 'x': 270, 'y': 252, 'width': 1968, 'height': 1315}]}
Traceback (most recent call last):
  File "/home/fas/leonard/swk2/miniconda3/envs/maskRCNN/lib/python3.6/site-packages/mask_rcnn-2.1-py3.6.egg/mrcnn/model.py", line 1695, in data_generator
    use_mini_mask=config.USE_MINI_MASK)
  File "/home/fas/leonard/swk2/miniconda3/envs/maskRCNN/lib/python3.6/site-packages/mask_rcnn-2.1-py3.6.egg/mrcnn/model.py", line 1210, in load_image_gt
    mask, class_ids = dataset.load_mask(image_id)
  File "balloon.py", line 165, in load_mask
    rr, cc = skimage.draw.polygon(p['all_points_y'], p['all_points_x'])
KeyError: 'all_points_y'
ERROR:root:Error processing image {'id': 'newyorkpresbyter00newy_2_0024.jpg', 'source': 'balloon', 'path': '../../datasets/illustrations/train/newyorkpresbyter00newy_2_0024.jpg', 'width': 2870, 'height': 3820, 'polygons': [{'name': 'rect', 'x': 95, 'y': 942, 'width': 2707, 'height': 2613}]}
Traceback (most recent call last):
  File "/home/fas/leonard/swk2/miniconda3/envs/maskRCNN/lib/python3.6/site-packages/mask_rcnn-2.1-py3.6.egg/mrcnn/model.py", line 1695, in data_generator
    use_mini_mask=config.USE_MINI_MASK)
  File "/home/fas/leonard/swk2/miniconda3/envs/maskRCNN/lib/python3.6/site-packages/mask_rcnn-2.1-py3.6.egg/mrcnn/model.py", line 1210, in load_image_gt
    mask, class_ids = dataset.load_mask(image_id)
  File "balloon.py", line 165, in load_mask
    rr, cc = skimage.draw.polygon(p['all_points_y'], p['all_points_x'])
KeyError: 'all_points_y'
ERROR:root:Error processing image {'id': 'b21932323_0260.jpg', 'source': 'balloon', 'path': '../../datasets/illustrations/train/b21932323_0260.jpg', 'width': 1811, 'height': 2946, 'polygons': [{'name': 'rect', 'x': 782, 'y': 1881, 'width': 373, 'height': 385}]}
Traceback (most recent call last):
  File "/home/fas/leonard/swk2/miniconda3/envs/maskRCNN/lib/python3.6/site-packages/mask_rcnn-2.1-py3.6.egg/mrcnn/model.py", line 1695, in data_generator
    use_mini_mask=config.USE_MINI_MASK)
  File "/home/fas/leonard/swk2/miniconda3/envs/maskRCNN/lib/python3.6/site-packages/mask_rcnn-2.1-py3.6.egg/mrcnn/model.py", line 1210, in load_image_gt
    mask, class_ids = dataset.load_mask(image_id)
  File "balloon.py", line 165, in load_mask
    rr, cc = skimage.draw.polygon(p['all_points_y'], p['all_points_x'])
KeyError: 'all_points_y'
ERROR:root:Error processing image {'id': 'b21915635_0002_0116.jpg', 'source': 'balloon', 'path': '../../datasets/illustrations/train/b21915635_0002_0116.jpg', 'width': 1886, 'height': 3313, 'polygons': [{'name': 'rect', 'x': 430, 'y': 1473, 'width': 1178, 'height': 686}]}
Traceback (most recent call last):
  File "/home/fas/leonard/swk2/miniconda3/envs/maskRCNN/lib/python3.6/site-packages/mask_rcnn-2.1-py3.6.egg/mrcnn/model.py", line 1695, in data_generator
    use_mini_mask=config.USE_MINI_MASK)
  File "/home/fas/leonard/swk2/miniconda3/envs/maskRCNN/lib/python3.6/site-packages/mask_rcnn-2.1-py3.6.egg/mrcnn/model.py", line 1210, in load_image_gt
    mask, class_ids = dataset.load_mask(image_id)
  File "balloon.py", line 165, in load_mask
    rr, cc = skimage.draw.polygon(p['all_points_y'], p['all_points_x'])
KeyError: 'all_points_y'
ERROR:root:Error processing image {'id': 'exceptionalchild00roma_0013.jpg', 'source': 'balloon', 'path': '../../datasets/illustrations/train/exceptionalchild00roma_0013.jpg', 'width': 2853, 'height': 2081, 'polygons': [{'name': 'rect', 'x': 173, 'y': 445, 'width': 2130, 'height': 1341}]}
Traceback (most recent call last):
  File "/home/fas/leonard/swk2/miniconda3/envs/maskRCNN/lib/python3.6/site-packages/mask_rcnn-2.1-py3.6.egg/mrcnn/model.py", line 1695, in data_generator
    use_mini_mask=config.USE_MINI_MASK)
  File "/home/fas/leonard/swk2/miniconda3/envs/maskRCNN/lib/python3.6/site-packages/mask_rcnn-2.1-py3.6.egg/mrcnn/model.py", line 1210, in load_image_gt
    mask, class_ids = dataset.load_mask(image_id)
  File "balloon.py", line 165, in load_mask
    rr, cc = skimage.draw.polygon(p['all_points_y'], p['all_points_x'])
KeyError: 'all_points_y'
Epoch 1/30
Traceback (most recent call last):
  File "balloon.py", line 371, in <module>
    train(model)
  File "balloon.py", line 206, in train
    layers='heads')
  File "/home/fas/leonard/swk2/miniconda3/envs/maskRCNN/lib/python3.6/site-packages/mask_rcnn-2.1-py3.6.egg/mrcnn/model.py", line 2328, in train
  File "/home/fas/leonard/swk2/miniconda3/envs/maskRCNN/lib/python3.6/site-packages/keras/legacy/interfaces.py", line 91, in wrapper
    return func(*args, **kwargs)
  File "/home/fas/leonard/swk2/miniconda3/envs/maskRCNN/lib/python3.6/site-packages/keras/engine/training.py", line 2194, in fit_generator
    generator_output = next(output_generator)
  File "/home/fas/leonard/swk2/miniconda3/envs/maskRCNN/lib/python3.6/site-packages/keras/utils/data_utils.py", line 793, in get
    six.reraise(value.__class__, value, value.__traceback__)
  File "/home/fas/leonard/swk2/miniconda3/envs/maskRCNN/lib/python3.6/site-packages/six.py", line 693, in reraise
    raise value
KeyError: 'all_points_y'
