The following modules were not unloaded:
  (Use "module --force purge" to unload all):

  1) StdEnv
Restoring modules from user's cuda, for system: "grace-rhel7"
2018-05-07 22:55:34.838838: I tensorflow/core/platform/cpu_feature_guard.cc:140] Your CPU supports instructions that this TensorFlow binary was not compiled to use: AVX2 FMA
/home/fas/leonard/swk2/miniconda3/envs/maskRCNN/lib/python3.6/site-packages/h5py/__init__.py:36: FutureWarning: Conversion of the second argument of issubdtype from `float` to `np.floating` is deprecated. In future, it will be treated as `np.float64 == np.dtype(float).type`.
  from ._conv import register_converters as _register_converters
Using TensorFlow backend.
Weights:  coco
Dataset:  ../../datasets/illustrations
Logs:  /gpfs/loomis/project/fas/leonard/swk2/Mask_RCNN/logs

Configurations:
BACKBONE                       resnet101
BACKBONE_STRIDES               [4, 8, 16, 32, 64]
BATCH_SIZE                     2
BBOX_STD_DEV                   [0.1 0.1 0.2 0.2]
DETECTION_MAX_INSTANCES        100
DETECTION_MIN_CONFIDENCE       0.9
DETECTION_NMS_THRESHOLD        0.3
GPU_COUNT                      1
GRADIENT_CLIP_NORM             5.0
IMAGES_PER_GPU                 2
IMAGE_MAX_DIM                  1024
IMAGE_META_SIZE                14
IMAGE_MIN_DIM                  800
IMAGE_MIN_SCALE                0
IMAGE_RESIZE_MODE              square
IMAGE_SHAPE                    [1024 1024    3]
LEARNING_MOMENTUM              0.9
LEARNING_RATE                  0.001
LOSS_WEIGHTS                   {'rpn_class_loss': 1.0, 'rpn_bbox_loss': 1.0, 'mrcnn_class_loss': 1.0, 'mrcnn_bbox_loss': 1.0, 'mrcnn_mask_loss': 1.0}
MASK_POOL_SIZE                 14
MASK_SHAPE                     [28, 28]
MAX_GT_INSTANCES               100
MEAN_PIXEL                     [123.7 116.8 103.9]
MINI_MASK_SHAPE                (56, 56)
NAME                           balloon
NUM_CLASSES                    2
POOL_SIZE                      7
POST_NMS_ROIS_INFERENCE        1000
POST_NMS_ROIS_TRAINING         2000
ROI_POSITIVE_RATIO             0.33
RPN_ANCHOR_RATIOS              [0.5, 1, 2]
RPN_ANCHOR_SCALES              (32, 64, 128, 256, 512)
RPN_ANCHOR_STRIDE              1
RPN_BBOX_STD_DEV               [0.1 0.1 0.2 0.2]
RPN_NMS_THRESHOLD              0.7
RPN_TRAIN_ANCHORS_PER_IMAGE    256
STEPS_PER_EPOCH                100
TRAIN_BN                       False
TRAIN_ROIS_PER_IMAGE           200
USE_MINI_MASK                  True
USE_RPN_ROIS                   True
VALIDATION_STEPS               50
WEIGHT_DECAY                   0.0001


Loading weights  /gpfs/loomis/project/fas/leonard/swk2/Mask_RCNN/mask_rcnn_coco.h5
Traceback (most recent call last):
  File "balloon.py", line 359, in <module>
    train(model)
  File "balloon.py", line 178, in train
    dataset_train.load_balloon(args.dataset, "train")
  File "balloon.py", line 129, in load_balloon
    image = skimage.io.imread(image_path)
  File "/home/fas/leonard/swk2/miniconda3/envs/maskRCNN/lib/python3.6/site-packages/skimage/io/_io.py", line 61, in imread
    img = call_plugin('imread', fname, plugin=plugin, **plugin_args)
  File "/home/fas/leonard/swk2/miniconda3/envs/maskRCNN/lib/python3.6/site-packages/skimage/io/manage_plugins.py", line 211, in call_plugin
    return func(*args, **kwargs)
  File "/home/fas/leonard/swk2/miniconda3/envs/maskRCNN/lib/python3.6/site-packages/skimage/io/_plugins/pil_plugin.py", line 35, in imread
    with open(fname, 'rb') as f:
FileNotFoundError: [Errno 2] No such file or directory: '../../datasets/illustrations/train/2556052R_0037.jpg'
